d:\shared projects\c++\jin opengl\projet jeu empty\projet jeu empty\projet\debug\vc141.pdb
d:\shared projects\c++\jin opengl\projet jeu empty\projet jeu empty\projet\debug\vc141.idb
d:\shared projects\c++\jin opengl\projet jeu empty\projet jeu empty\projet\debug\camera.obj
d:\shared projects\c++\jin opengl\projet jeu empty\projet jeu empty\projet\debug\maths_3d.obj
d:\shared projects\c++\jin opengl\projet jeu empty\projet jeu empty\projet\debug\point.obj
d:\shared projects\c++\jin opengl\projet jeu empty\projet jeu empty\projet\debug\quaternion.obj
d:\shared projects\c++\jin opengl\projet jeu empty\projet jeu empty\projet\debug\debug.obj
d:\shared projects\c++\jin opengl\projet jeu empty\projet jeu empty\projet\debug\input.obj
d:\shared projects\c++\jin opengl\projet jeu empty\projet jeu empty\projet\debug\load.obj
d:\shared projects\c++\jin opengl\projet jeu empty\projet jeu empty\projet\debug\main.obj
d:\shared projects\c++\jin opengl\projet jeu empty\projet jeu empty\projet\debug\ogl.obj
d:\shared projects\c++\jin opengl\projet jeu empty\projet jeu empty\projet\debug\timer.obj
d:\shared projects\c++\jin opengl\projet jeu empty\projet jeu empty\projet\debug\window.obj
d:\shared projects\c++\jin opengl\projet jeu empty\projet jeu empty\projet\debug\vcpkg.applocal.log
d:\shared projects\c++\jin opengl\projet jeu empty\projet jeu empty\projet\debug\jeu3d.exe
d:\shared projects\c++\jin opengl\projet jeu empty\projet jeu empty\projet\debug\jeu3d.ilk
d:\shared projects\c++\jin opengl\projet jeu empty\projet jeu empty\projet\debug\jeu3d.pdb
d:\shared projects\c++\jin opengl\projet jeu empty\projet jeu empty\projet\debug\jeu3d.tlog\cl.command.1.tlog
d:\shared projects\c++\jin opengl\projet jeu empty\projet jeu empty\projet\debug\jeu3d.tlog\cl.read.1.tlog
d:\shared projects\c++\jin opengl\projet jeu empty\projet jeu empty\projet\debug\jeu3d.tlog\cl.write.1.tlog
d:\shared projects\c++\jin opengl\projet jeu empty\projet jeu empty\projet\debug\jeu3d.tlog\jeu3d.write.1u.tlog
d:\shared projects\c++\jin opengl\projet jeu empty\projet jeu empty\projet\debug\jeu3d.tlog\link.command.1.tlog
d:\shared projects\c++\jin opengl\projet jeu empty\projet jeu empty\projet\debug\jeu3d.tlog\link.read.1.tlog
d:\shared projects\c++\jin opengl\projet jeu empty\projet jeu empty\projet\debug\jeu3d.tlog\link.write.1.tlog
